<?xml version="1.0" encoding="UTF-8"?>
<!-- Generated by org.testng.reporters.JUnitXMLReporter -->
<testsuite hostname="walter" name="Command line test" tests="5" failures="0" timestamp="27 Dec 2015 09:12:58 GMT" time="137.533" errors="0">
  <testcase name="oneCanLoginMailRU" time="24.745" classname="com.bsu.vbabenya.MailRUTest"/>
  <testcase name="isUserLoggedTest" time="25.056" classname="com.bsu.vbabenya.MailRUTest"/>
  <testcase name="isMessageExistTest" time="24.899" classname="com.bsu.vbabenya.MailRUTest"/>
  <testcase name="canWriteMessageTest" time="25.378" classname="com.bsu.vbabenya.MailRUTest"/>
  <testcase name="hasValidContacts" time="30.07" classname="com.bsu.vbabenya.MailRUTest"/>
</testsuite> <!-- Command line test -->
